2024/08/11 16:18:49 [emerg] 1#1: host not found in upstream "php-fpm:9000" in /etc/nginx/conf.d/php-fpm.conf:2
2024/08/11 16:24:39 [emerg] 1#1: host not found in upstream "php-fpm:9000" in /etc/nginx/conf.d/php-fpm.conf:2
2024/08/11 16:26:12 [emerg] 1#1: host not found in upstream "php-fpm:9000" in /etc/nginx/conf.d/php-fpm.conf:2
2024/08/11 16:31:10 [emerg] 1#1: host not found in upstream "php-fpm:9000" in /etc/nginx/conf.d/php-fpm.conf:2
2024/08/11 16:33:20 [emerg] 1#1: open() "/etc/nginx/snippets/fastcgi-php.conf" failed (2: No such file or directory) in /etc/nginx/conf.d/default.conf:13
2024/08/11 16:34:31 [emerg] 1#1: open() "/etc/nginx/snippets/fastcgi-php.conf" failed (2: No such file or directory) in /etc/nginx/conf.d/default.conf:13
2024/08/11 16:35:25 [emerg] 1#1: open() "/etc/nginx/snippets/fastcgi-php.conf" failed (2: No such file or directory) in /etc/nginx/conf.d/default.conf:13
2024/08/11 16:38:52 [emerg] 1#1: open() "/etc/nginx/snippets/fastcgi-php.conf" failed (2: No such file or directory) in /etc/nginx/conf.d/php-fpm.conf:13
2024/08/11 16:38:54 [emerg] 1#1: open() "/etc/nginx/snippets/fastcgi-php.conf" failed (2: No such file or directory) in /etc/nginx/conf.d/php-fpm.conf:13
2024/08/11 16:38:54 [emerg] 1#1: open() "/etc/nginx/snippets/fastcgi-php.conf" failed (2: No such file or directory) in /etc/nginx/conf.d/php-fpm.conf:13
2024/08/11 16:38:55 [emerg] 1#1: open() "/etc/nginx/snippets/fastcgi-php.conf" failed (2: No such file or directory) in /etc/nginx/conf.d/php-fpm.conf:13
2024/08/11 16:40:49 [warn] 1#1: conflicting server name "localhost" on 0.0.0.0:80, ignored
2024/08/11 16:40:49 [notice] 1#1: using the "epoll" event method
2024/08/11 16:40:49 [notice] 1#1: nginx/1.18.0
2024/08/11 16:40:49 [notice] 1#1: built by gcc 8.3.0 (Debian 8.3.0-6) 
2024/08/11 16:40:49 [notice] 1#1: OS: Linux 5.15.153.1-microsoft-standard-WSL2
2024/08/11 16:40:49 [notice] 1#1: getrlimit(RLIMIT_NOFILE): 1048576:1048576
2024/08/11 16:40:49 [notice] 1#1: start worker processes
2024/08/11 16:40:49 [notice] 1#1: start worker process 28
2024/08/11 16:40:49 [notice] 1#1: start worker process 29
2024/08/11 16:40:49 [notice] 1#1: start worker process 30
2024/08/11 16:40:49 [notice] 1#1: start worker process 31
2024/08/11 16:44:42 [notice] 1#1: signal 3 (SIGQUIT) received, shutting down
2024/08/11 16:44:42 [notice] 28#28: gracefully shutting down
2024/08/11 16:44:42 [notice] 30#30: gracefully shutting down
2024/08/11 16:44:42 [notice] 30#30: exiting
2024/08/11 16:44:42 [notice] 29#29: gracefully shutting down
2024/08/11 16:44:42 [notice] 31#31: gracefully shutting down
2024/08/11 16:44:42 [notice] 28#28: exiting
2024/08/11 16:44:42 [notice] 28#28: exit
2024/08/11 16:44:42 [notice] 30#30: exit
2024/08/11 16:44:42 [notice] 29#29: exiting
2024/08/11 16:44:42 [notice] 31#31: exiting
2024/08/11 16:44:42 [notice] 29#29: exit
2024/08/11 16:44:42 [notice] 31#31: exit
2024/08/11 16:44:42 [notice] 1#1: signal 17 (SIGCHLD) received from 28
2024/08/11 16:44:42 [notice] 1#1: worker process 28 exited with code 0
2024/08/11 16:44:42 [notice] 1#1: signal 29 (SIGIO) received
2024/08/11 16:44:42 [notice] 1#1: signal 17 (SIGCHLD) received from 29
2024/08/11 16:44:42 [notice] 1#1: worker process 29 exited with code 0
2024/08/11 16:44:42 [notice] 1#1: worker process 30 exited with code 0
2024/08/11 16:44:42 [notice] 1#1: worker process 31 exited with code 0
2024/08/11 16:44:42 [notice] 1#1: exit
2024/08/11 16:45:41 [warn] 1#1: conflicting server name "localhost" on 0.0.0.0:80, ignored
2024/08/11 16:45:41 [notice] 1#1: using the "epoll" event method
2024/08/11 16:45:41 [notice] 1#1: nginx/1.18.0
2024/08/11 16:45:41 [notice] 1#1: built by gcc 8.3.0 (Debian 8.3.0-6) 
2024/08/11 16:45:41 [notice] 1#1: OS: Linux 5.15.153.1-microsoft-standard-WSL2
2024/08/11 16:45:41 [notice] 1#1: getrlimit(RLIMIT_NOFILE): 1048576:1048576
2024/08/11 16:45:41 [notice] 1#1: start worker processes
2024/08/11 16:45:41 [notice] 1#1: start worker process 29
2024/08/11 16:45:41 [notice] 1#1: start worker process 30
2024/08/11 16:45:41 [notice] 1#1: start worker process 31
2024/08/11 16:45:41 [notice] 1#1: start worker process 32
2024/08/11 16:56:16 [notice] 1#1: signal 3 (SIGQUIT) received, shutting down
2024/08/11 16:56:16 [notice] 29#29: gracefully shutting down
2024/08/11 16:56:16 [notice] 30#30: gracefully shutting down
2024/08/11 16:56:16 [notice] 32#32: gracefully shutting down
2024/08/11 16:56:16 [notice] 31#31: gracefully shutting down
2024/08/11 16:56:16 [notice] 29#29: exiting
2024/08/11 16:56:16 [notice] 30#30: exiting
2024/08/11 16:56:16 [notice] 30#30: exit
2024/08/11 16:56:16 [notice] 32#32: exiting
2024/08/11 16:56:16 [notice] 31#31: exiting
2024/08/11 16:56:16 [notice] 31#31: exit
2024/08/11 16:56:16 [notice] 29#29: exit
2024/08/11 16:56:16 [notice] 32#32: exit
2024/08/11 16:56:17 [notice] 1#1: signal 17 (SIGCHLD) received from 31
2024/08/11 16:56:17 [notice] 1#1: worker process 31 exited with code 0
2024/08/11 16:56:17 [notice] 1#1: signal 29 (SIGIO) received
2024/08/11 16:56:17 [notice] 1#1: signal 17 (SIGCHLD) received from 29
2024/08/11 16:56:17 [notice] 1#1: worker process 29 exited with code 0
2024/08/11 16:56:17 [notice] 1#1: worker process 30 exited with code 0
2024/08/11 16:56:17 [notice] 1#1: worker process 32 exited with code 0
2024/08/11 16:56:17 [notice] 1#1: exit
2024/08/11 16:56:23 [warn] 1#1: conflicting server name "localhost" on 0.0.0.0:80, ignored
2024/08/11 16:56:23 [notice] 1#1: using the "epoll" event method
2024/08/11 16:56:23 [notice] 1#1: nginx/1.18.0
2024/08/11 16:56:23 [notice] 1#1: built by gcc 8.3.0 (Debian 8.3.0-6) 
2024/08/11 16:56:23 [notice] 1#1: OS: Linux 5.15.153.1-microsoft-standard-WSL2
2024/08/11 16:56:23 [notice] 1#1: getrlimit(RLIMIT_NOFILE): 1048576:1048576
2024/08/11 16:56:23 [notice] 1#1: start worker processes
2024/08/11 16:56:23 [notice] 1#1: start worker process 28
2024/08/11 16:56:23 [notice] 1#1: start worker process 29
2024/08/11 16:56:23 [notice] 1#1: start worker process 30
2024/08/11 16:56:23 [notice] 1#1: start worker process 31
2024/08/11 17:16:50 [notice] 1#1: signal 3 (SIGQUIT) received, shutting down
2024/08/11 17:16:50 [notice] 30#30: gracefully shutting down
2024/08/11 17:16:50 [notice] 28#28: gracefully shutting down
2024/08/11 17:16:50 [notice] 31#31: gracefully shutting down
2024/08/11 17:16:50 [notice] 29#29: gracefully shutting down
2024/08/11 17:16:50 [notice] 30#30: exiting
2024/08/11 17:16:50 [notice] 30#30: exit
2024/08/11 17:16:50 [notice] 28#28: exiting
2024/08/11 17:16:50 [notice] 31#31: exiting
2024/08/11 17:16:50 [notice] 31#31: exit
2024/08/11 17:16:50 [notice] 29#29: exiting
2024/08/11 17:16:50 [notice] 29#29: exit
2024/08/11 17:16:50 [notice] 28#28: exit
2024/08/11 17:16:50 [notice] 1#1: signal 17 (SIGCHLD) received from 29
2024/08/11 17:16:50 [notice] 1#1: worker process 29 exited with code 0
2024/08/11 17:16:50 [notice] 1#1: signal 29 (SIGIO) received
2024/08/11 17:16:50 [notice] 1#1: signal 17 (SIGCHLD) received from 30
2024/08/11 17:16:50 [notice] 1#1: worker process 28 exited with code 0
2024/08/11 17:16:50 [notice] 1#1: worker process 30 exited with code 0
2024/08/11 17:16:50 [notice] 1#1: worker process 31 exited with code 0
2024/08/11 17:16:50 [notice] 1#1: exit
2024/08/11 17:23:22 [emerg] 1#1: "daemon" directive is duplicate in /etc/nginx/nginx.conf:3
2024/08/11 17:41:53 [emerg] 1#1: "daemon" directive is duplicate in /etc/nginx/nginx.conf:3
2024/08/11 17:42:27 [emerg] 1#1: "daemon" directive is duplicate in /etc/nginx/nginx.conf:3
2024/08/11 17:44:06 [warn] 1#1: conflicting server name "localhost" on 0.0.0.0:80, ignored
2024/08/11 17:44:06 [notice] 1#1: using the "epoll" event method
2024/08/11 17:44:06 [notice] 1#1: nginx/1.27.0
2024/08/11 17:44:06 [notice] 1#1: built by gcc 13.2.1 20231014 (Alpine 13.2.1_git20231014) 
2024/08/11 17:44:06 [notice] 1#1: OS: Linux 5.15.153.1-microsoft-standard-WSL2
2024/08/11 17:44:06 [notice] 1#1: getrlimit(RLIMIT_NOFILE): 1048576:1048576
2024/08/11 17:44:06 [notice] 1#1: start worker processes
2024/08/11 17:44:06 [notice] 1#1: start worker process 29
2024/08/11 17:44:06 [notice] 1#1: start worker process 30
2024/08/11 17:44:06 [notice] 1#1: start worker process 31
2024/08/11 17:44:06 [notice] 1#1: start worker process 32
2024/08/11 17:49:26 [notice] 1#1: signal 3 (SIGQUIT) received, shutting down
2024/08/11 17:49:26 [notice] 30#30: gracefully shutting down
2024/08/11 17:49:26 [notice] 29#29: gracefully shutting down
2024/08/11 17:49:26 [notice] 29#29: exiting
2024/08/11 17:49:26 [notice] 31#31: gracefully shutting down
2024/08/11 17:49:26 [notice] 31#31: exiting
2024/08/11 17:49:26 [notice] 32#32: gracefully shutting down
2024/08/11 17:49:26 [notice] 30#30: exiting
2024/08/11 17:49:26 [notice] 30#30: exit
2024/08/11 17:49:26 [notice] 29#29: exit
2024/08/11 17:49:26 [notice] 31#31: exit
2024/08/11 17:49:26 [notice] 32#32: exiting
2024/08/11 17:49:26 [notice] 32#32: exit
2024/08/11 17:49:26 [notice] 1#1: signal 17 (SIGCHLD) received from 31
2024/08/11 17:49:26 [notice] 1#1: worker process 30 exited with code 0
2024/08/11 17:49:26 [notice] 1#1: worker process 31 exited with code 0
2024/08/11 17:49:26 [notice] 1#1: signal 29 (SIGIO) received
2024/08/11 17:49:26 [notice] 1#1: signal 17 (SIGCHLD) received from 29
2024/08/11 17:49:26 [notice] 1#1: worker process 29 exited with code 0
2024/08/11 17:49:26 [notice] 1#1: worker process 32 exited with code 0
2024/08/11 17:49:26 [notice] 1#1: exit
2024/08/11 17:49:32 [warn] 1#1: conflicting server name "localhost" on 0.0.0.0:80, ignored
2024/08/11 17:49:32 [notice] 1#1: using the "epoll" event method
2024/08/11 17:49:32 [notice] 1#1: nginx/1.27.0
2024/08/11 17:49:32 [notice] 1#1: built by gcc 13.2.1 20231014 (Alpine 13.2.1_git20231014) 
2024/08/11 17:49:32 [notice] 1#1: OS: Linux 5.15.153.1-microsoft-standard-WSL2
2024/08/11 17:49:32 [notice] 1#1: getrlimit(RLIMIT_NOFILE): 1048576:1048576
2024/08/11 17:49:32 [notice] 1#1: start worker processes
2024/08/11 17:49:32 [notice] 1#1: start worker process 28
2024/08/11 17:49:32 [notice] 1#1: start worker process 29
2024/08/11 17:49:32 [notice] 1#1: start worker process 30
2024/08/11 17:49:32 [notice] 1#1: start worker process 31
2024/08/11 17:51:31 [notice] 1#1: signal 3 (SIGQUIT) received, shutting down
2024/08/11 17:51:31 [notice] 29#29: gracefully shutting down
2024/08/11 17:51:31 [notice] 29#29: exiting
2024/08/11 17:51:31 [notice] 28#28: gracefully shutting down
2024/08/11 17:51:31 [notice] 30#30: gracefully shutting down
2024/08/11 17:51:31 [notice] 31#31: gracefully shutting down
2024/08/11 17:51:31 [notice] 31#31: exiting
2024/08/11 17:51:31 [notice] 29#29: exit
2024/08/11 17:51:31 [notice] 28#28: exiting
2024/08/11 17:51:31 [notice] 28#28: exit
2024/08/11 17:51:31 [notice] 30#30: exiting
2024/08/11 17:51:31 [notice] 30#30: exit
2024/08/11 17:51:31 [notice] 31#31: exit
2024/08/11 17:51:31 [notice] 1#1: signal 17 (SIGCHLD) received from 31
2024/08/11 17:51:31 [notice] 1#1: worker process 29 exited with code 0
2024/08/11 17:51:31 [notice] 1#1: worker process 31 exited with code 0
2024/08/11 17:51:31 [notice] 1#1: signal 29 (SIGIO) received
2024/08/11 17:51:31 [notice] 1#1: signal 17 (SIGCHLD) received from 30
2024/08/11 17:51:31 [notice] 1#1: worker process 28 exited with code 0
2024/08/11 17:51:31 [notice] 1#1: worker process 30 exited with code 0
2024/08/11 17:51:31 [notice] 1#1: exit
2024/08/11 17:51:42 [warn] 1#1: conflicting server name "localhost" on 0.0.0.0:80, ignored
2024/08/11 17:51:42 [notice] 1#1: using the "epoll" event method
2024/08/11 17:51:42 [notice] 1#1: nginx/1.27.0
2024/08/11 17:51:42 [notice] 1#1: built by gcc 13.2.1 20231014 (Alpine 13.2.1_git20231014) 
2024/08/11 17:51:42 [notice] 1#1: OS: Linux 5.15.153.1-microsoft-standard-WSL2
2024/08/11 17:51:42 [notice] 1#1: getrlimit(RLIMIT_NOFILE): 1048576:1048576
2024/08/11 17:51:42 [notice] 1#1: start worker processes
2024/08/11 17:51:42 [notice] 1#1: start worker process 29
2024/08/11 17:51:42 [notice] 1#1: start worker process 30
2024/08/11 17:51:42 [notice] 1#1: start worker process 31
2024/08/11 17:51:42 [notice] 1#1: start worker process 32
2024/08/11 17:52:43 [notice] 1#1: signal 3 (SIGQUIT) received, shutting down
2024/08/11 17:52:43 [notice] 30#30: gracefully shutting down
2024/08/11 17:52:43 [notice] 30#30: exiting
2024/08/11 17:52:43 [notice] 29#29: gracefully shutting down
2024/08/11 17:52:43 [notice] 31#31: gracefully shutting down
2024/08/11 17:52:43 [notice] 31#31: exiting
2024/08/11 17:52:43 [notice] 32#32: gracefully shutting down
2024/08/11 17:52:43 [notice] 32#32: exiting
2024/08/11 17:52:43 [notice] 30#30: exit
2024/08/11 17:52:43 [notice] 29#29: exiting
2024/08/11 17:52:43 [notice] 31#31: exit
2024/08/11 17:52:43 [notice] 32#32: exit
2024/08/11 17:52:43 [notice] 29#29: exit
2024/08/11 17:52:43 [notice] 1#1: signal 17 (SIGCHLD) received from 30
2024/08/11 17:52:43 [notice] 1#1: worker process 29 exited with code 0
2024/08/11 17:52:43 [notice] 1#1: worker process 30 exited with code 0
2024/08/11 17:52:43 [notice] 1#1: worker process 31 exited with code 0
2024/08/11 17:52:43 [notice] 1#1: worker process 32 exited with code 0
2024/08/11 17:52:43 [notice] 1#1: exit
2024/08/11 17:52:49 [warn] 1#1: conflicting server name "localhost" on 0.0.0.0:80, ignored
2024/08/11 17:52:49 [notice] 1#1: using the "epoll" event method
2024/08/11 17:52:49 [notice] 1#1: nginx/1.27.0
2024/08/11 17:52:49 [notice] 1#1: built by gcc 13.2.1 20231014 (Alpine 13.2.1_git20231014) 
2024/08/11 17:52:49 [notice] 1#1: OS: Linux 5.15.153.1-microsoft-standard-WSL2
2024/08/11 17:52:49 [notice] 1#1: getrlimit(RLIMIT_NOFILE): 1048576:1048576
2024/08/11 17:52:49 [notice] 1#1: start worker processes
2024/08/11 17:52:49 [notice] 1#1: start worker process 29
2024/08/11 17:52:49 [notice] 1#1: start worker process 30
2024/08/11 17:52:49 [notice] 1#1: start worker process 31
2024/08/11 17:52:49 [notice] 1#1: start worker process 32
2024/08/11 17:56:17 [notice] 1#1: signal 3 (SIGQUIT) received, shutting down
2024/08/11 17:56:17 [notice] 29#29: gracefully shutting down
2024/08/11 17:56:17 [notice] 31#31: gracefully shutting down
2024/08/11 17:56:17 [notice] 32#32: gracefully shutting down
2024/08/11 17:56:17 [notice] 32#32: exiting
2024/08/11 17:56:17 [notice] 30#30: gracefully shutting down
2024/08/11 17:56:17 [notice] 29#29: exiting
2024/08/11 17:56:17 [notice] 31#31: exiting
2024/08/11 17:56:17 [notice] 32#32: exit
2024/08/11 17:56:17 [notice] 30#30: exiting
2024/08/11 17:56:17 [notice] 29#29: exit
2024/08/11 17:56:17 [notice] 31#31: exit
2024/08/11 17:56:17 [notice] 30#30: exit
2024/08/11 17:56:17 [notice] 1#1: signal 17 (SIGCHLD) received from 31
2024/08/11 17:56:17 [notice] 1#1: worker process 31 exited with code 0
2024/08/11 17:56:17 [notice] 1#1: worker process 32 exited with code 0
2024/08/11 17:56:17 [notice] 1#1: signal 29 (SIGIO) received
2024/08/11 17:56:17 [notice] 1#1: signal 17 (SIGCHLD) received from 29
2024/08/11 17:56:17 [notice] 1#1: worker process 29 exited with code 0
2024/08/11 17:56:17 [notice] 1#1: worker process 30 exited with code 0
2024/08/11 17:56:17 [notice] 1#1: exit
2024/08/11 17:56:22 [warn] 1#1: conflicting server name "localhost" on 0.0.0.0:80, ignored
2024/08/11 17:56:22 [notice] 1#1: using the "epoll" event method
2024/08/11 17:56:22 [notice] 1#1: nginx/1.27.0
2024/08/11 17:56:22 [notice] 1#1: built by gcc 13.2.1 20231014 (Alpine 13.2.1_git20231014) 
2024/08/11 17:56:22 [notice] 1#1: OS: Linux 5.15.153.1-microsoft-standard-WSL2
2024/08/11 17:56:22 [notice] 1#1: getrlimit(RLIMIT_NOFILE): 1048576:1048576
2024/08/11 17:56:22 [notice] 1#1: start worker processes
2024/08/11 17:56:22 [notice] 1#1: start worker process 29
2024/08/11 17:56:22 [notice] 1#1: start worker process 30
2024/08/11 17:56:22 [notice] 1#1: start worker process 31
2024/08/11 17:56:22 [notice] 1#1: start worker process 32
2024/08/11 17:57:21 [notice] 1#1: signal 3 (SIGQUIT) received, shutting down
2024/08/11 17:57:21 [notice] 30#30: gracefully shutting down
2024/08/11 17:57:21 [notice] 30#30: exiting
2024/08/11 17:57:21 [notice] 29#29: gracefully shutting down
2024/08/11 17:57:21 [notice] 31#31: gracefully shutting down
2024/08/11 17:57:21 [notice] 31#31: exiting
2024/08/11 17:57:21 [notice] 32#32: gracefully shutting down
2024/08/11 17:57:21 [notice] 30#30: exit
2024/08/11 17:57:21 [notice] 29#29: exiting
2024/08/11 17:57:21 [notice] 31#31: exit
2024/08/11 17:57:21 [notice] 29#29: exit
2024/08/11 17:57:21 [notice] 32#32: exiting
2024/08/11 17:57:21 [notice] 32#32: exit
2024/08/11 17:57:21 [notice] 1#1: signal 17 (SIGCHLD) received from 29
2024/08/11 17:57:21 [notice] 1#1: worker process 29 exited with code 0
2024/08/11 17:57:21 [notice] 1#1: signal 29 (SIGIO) received
2024/08/11 17:57:21 [notice] 1#1: signal 17 (SIGCHLD) received from 31
2024/08/11 17:57:21 [notice] 1#1: worker process 31 exited with code 0
2024/08/11 17:57:21 [notice] 1#1: signal 29 (SIGIO) received
2024/08/11 17:57:22 [notice] 1#1: signal 17 (SIGCHLD) received from 30
2024/08/11 17:57:22 [notice] 1#1: worker process 30 exited with code 0
2024/08/11 17:57:22 [notice] 1#1: worker process 32 exited with code 0
2024/08/11 17:57:22 [notice] 1#1: exit
2024/08/11 17:57:25 [warn] 1#1: conflicting server name "localhost" on 0.0.0.0:80, ignored
2024/08/11 17:57:25 [notice] 1#1: using the "epoll" event method
2024/08/11 17:57:25 [notice] 1#1: nginx/1.27.0
2024/08/11 17:57:25 [notice] 1#1: built by gcc 13.2.1 20231014 (Alpine 13.2.1_git20231014) 
2024/08/11 17:57:25 [notice] 1#1: OS: Linux 5.15.153.1-microsoft-standard-WSL2
2024/08/11 17:57:25 [notice] 1#1: getrlimit(RLIMIT_NOFILE): 1048576:1048576
2024/08/11 17:57:25 [notice] 1#1: start worker processes
2024/08/11 17:57:25 [notice] 1#1: start worker process 29
2024/08/11 17:57:25 [notice] 1#1: start worker process 30
2024/08/11 17:57:25 [notice] 1#1: start worker process 31
2024/08/11 17:57:25 [notice] 1#1: start worker process 32
2024/08/11 18:01:13 [notice] 1#1: signal 3 (SIGQUIT) received, shutting down
2024/08/11 18:01:13 [notice] 29#29: gracefully shutting down
2024/08/11 18:01:13 [notice] 29#29: exiting
2024/08/11 18:01:13 [notice] 31#31: gracefully shutting down
2024/08/11 18:01:13 [notice] 32#32: gracefully shutting down
2024/08/11 18:01:13 [notice] 32#32: exiting
2024/08/11 18:01:13 [notice] 30#30: gracefully shutting down
2024/08/11 18:01:13 [notice] 29#29: exit
2024/08/11 18:01:13 [notice] 31#31: exiting
2024/08/11 18:01:13 [notice] 32#32: exit
2024/08/11 18:01:13 [notice] 30#30: exiting
2024/08/11 18:01:13 [notice] 31#31: exit
2024/08/11 18:01:13 [notice] 30#30: exit
2024/08/11 18:01:13 [notice] 1#1: signal 17 (SIGCHLD) received from 31
2024/08/11 18:01:13 [notice] 1#1: worker process 31 exited with code 0
2024/08/11 18:01:13 [notice] 1#1: signal 29 (SIGIO) received
2024/08/11 18:01:13 [notice] 1#1: signal 17 (SIGCHLD) received from 29
2024/08/11 18:01:13 [notice] 1#1: worker process 29 exited with code 0
2024/08/11 18:01:13 [notice] 1#1: worker process 32 exited with code 0
2024/08/11 18:01:13 [notice] 1#1: signal 29 (SIGIO) received
2024/08/11 18:01:13 [notice] 1#1: signal 17 (SIGCHLD) received from 32
2024/08/11 18:01:13 [notice] 1#1: signal 17 (SIGCHLD) received from 30
2024/08/11 18:01:13 [notice] 1#1: worker process 30 exited with code 0
2024/08/11 18:01:13 [notice] 1#1: exit
2024/08/11 18:01:17 [warn] 1#1: conflicting server name "localhost" on 0.0.0.0:80, ignored
2024/08/11 18:01:17 [notice] 1#1: using the "epoll" event method
2024/08/11 18:01:17 [notice] 1#1: nginx/1.27.0
2024/08/11 18:01:17 [notice] 1#1: built by gcc 13.2.1 20231014 (Alpine 13.2.1_git20231014) 
2024/08/11 18:01:17 [notice] 1#1: OS: Linux 5.15.153.1-microsoft-standard-WSL2
2024/08/11 18:01:17 [notice] 1#1: getrlimit(RLIMIT_NOFILE): 1048576:1048576
2024/08/11 18:01:17 [notice] 1#1: start worker processes
2024/08/11 18:01:17 [notice] 1#1: start worker process 29
2024/08/11 18:01:17 [notice] 1#1: start worker process 30
2024/08/11 18:01:17 [notice] 1#1: start worker process 31
2024/08/11 18:01:17 [notice] 1#1: start worker process 32
2024/08/11 18:02:41 [notice] 1#1: signal 3 (SIGQUIT) received, shutting down
2024/08/11 18:02:41 [notice] 29#29: gracefully shutting down
2024/08/11 18:02:41 [notice] 31#31: gracefully shutting down
2024/08/11 18:02:41 [notice] 30#30: gracefully shutting down
2024/08/11 18:02:41 [notice] 32#32: gracefully shutting down
2024/08/11 18:02:41 [notice] 29#29: exiting
2024/08/11 18:02:41 [notice] 31#31: exiting
2024/08/11 18:02:41 [notice] 31#31: exit
2024/08/11 18:02:41 [notice] 30#30: exiting
2024/08/11 18:02:41 [notice] 30#30: exit
2024/08/11 18:02:41 [notice] 32#32: exiting
2024/08/11 18:02:41 [notice] 29#29: exit
2024/08/11 18:02:41 [notice] 32#32: exit
2024/08/11 18:02:41 [notice] 1#1: signal 17 (SIGCHLD) received from 32
2024/08/11 18:02:41 [notice] 1#1: worker process 32 exited with code 0
2024/08/11 18:02:41 [notice] 1#1: signal 29 (SIGIO) received
2024/08/11 18:02:41 [notice] 1#1: signal 17 (SIGCHLD) received from 31
2024/08/11 18:02:41 [notice] 1#1: worker process 31 exited with code 0
2024/08/11 18:02:41 [notice] 1#1: signal 29 (SIGIO) received
2024/08/11 18:02:41 [notice] 1#1: signal 17 (SIGCHLD) received from 30
2024/08/11 18:02:41 [notice] 1#1: worker process 29 exited with code 0
2024/08/11 18:02:41 [notice] 1#1: worker process 30 exited with code 0
2024/08/11 18:02:41 [notice] 1#1: exit
2024/08/11 18:02:47 [warn] 1#1: conflicting server name "localhost" on 0.0.0.0:80, ignored
2024/08/11 18:02:47 [notice] 1#1: using the "epoll" event method
2024/08/11 18:02:47 [notice] 1#1: nginx/1.27.0
2024/08/11 18:02:47 [notice] 1#1: built by gcc 13.2.1 20231014 (Alpine 13.2.1_git20231014) 
2024/08/11 18:02:47 [notice] 1#1: OS: Linux 5.15.153.1-microsoft-standard-WSL2
2024/08/11 18:02:47 [notice] 1#1: getrlimit(RLIMIT_NOFILE): 1048576:1048576
2024/08/11 18:02:47 [notice] 1#1: start worker processes
2024/08/11 18:02:47 [notice] 1#1: start worker process 29
2024/08/11 18:02:47 [notice] 1#1: start worker process 30
2024/08/11 18:02:47 [notice] 1#1: start worker process 31
2024/08/11 18:02:47 [notice] 1#1: start worker process 32
2024/08/11 18:04:39 [notice] 1#1: signal 3 (SIGQUIT) received, shutting down
2024/08/11 18:04:39 [notice] 29#29: gracefully shutting down
2024/08/11 18:04:39 [notice] 29#29: exiting
2024/08/11 18:04:39 [notice] 30#30: gracefully shutting down
2024/08/11 18:04:39 [notice] 29#29: exit
2024/08/11 18:04:39 [notice] 31#31: gracefully shutting down
2024/08/11 18:04:39 [notice] 32#32: gracefully shutting down
2024/08/11 18:04:39 [notice] 30#30: exiting
2024/08/11 18:04:39 [notice] 31#31: exiting
2024/08/11 18:04:39 [notice] 30#30: exit
2024/08/11 18:04:39 [notice] 32#32: exiting
2024/08/11 18:04:39 [notice] 31#31: exit
2024/08/11 18:04:39 [notice] 32#32: exit
2024/08/11 18:04:39 [notice] 1#1: signal 17 (SIGCHLD) received from 32
2024/08/11 18:04:39 [notice] 1#1: worker process 32 exited with code 0
2024/08/11 18:04:39 [notice] 1#1: signal 29 (SIGIO) received
2024/08/11 18:04:39 [notice] 1#1: signal 17 (SIGCHLD) received from 29
2024/08/11 18:04:39 [notice] 1#1: worker process 29 exited with code 0
2024/08/11 18:04:39 [notice] 1#1: worker process 30 exited with code 0
2024/08/11 18:04:39 [notice] 1#1: worker process 31 exited with code 0
2024/08/11 18:04:39 [notice] 1#1: exit
2024/08/11 18:04:44 [warn] 1#1: conflicting server name "localhost" on 0.0.0.0:80, ignored
2024/08/11 18:04:44 [notice] 1#1: using the "epoll" event method
2024/08/11 18:04:44 [notice] 1#1: nginx/1.27.0
2024/08/11 18:04:44 [notice] 1#1: built by gcc 13.2.1 20231014 (Alpine 13.2.1_git20231014) 
2024/08/11 18:04:44 [notice] 1#1: OS: Linux 5.15.153.1-microsoft-standard-WSL2
2024/08/11 18:04:44 [notice] 1#1: getrlimit(RLIMIT_NOFILE): 1048576:1048576
2024/08/11 18:04:44 [notice] 1#1: start worker processes
2024/08/11 18:04:44 [notice] 1#1: start worker process 30
2024/08/11 18:04:44 [notice] 1#1: start worker process 31
2024/08/11 18:04:44 [notice] 1#1: start worker process 32
2024/08/11 18:04:44 [notice] 1#1: start worker process 33
2024/08/11 18:11:44 [notice] 1#1: signal 3 (SIGQUIT) received, shutting down
2024/08/11 18:11:44 [notice] 30#30: gracefully shutting down
2024/08/11 18:11:44 [notice] 31#31: gracefully shutting down
2024/08/11 18:11:44 [notice] 31#31: exiting
2024/08/11 18:11:44 [notice] 32#32: gracefully shutting down
2024/08/11 18:11:44 [notice] 33#33: gracefully shutting down
2024/08/11 18:11:44 [notice] 31#31: exit
2024/08/11 18:11:44 [notice] 32#32: exiting
2024/08/11 18:11:44 [notice] 33#33: exiting
2024/08/11 18:11:44 [notice] 32#32: exit
2024/08/11 18:11:44 [notice] 33#33: exit
2024/08/11 18:11:44 [notice] 1#1: signal 17 (SIGCHLD) received from 31
2024/08/11 18:11:44 [notice] 1#1: worker process 31 exited with code 0
2024/08/11 18:11:44 [notice] 1#1: worker process 32 exited with code 0
2024/08/11 18:11:44 [notice] 1#1: worker process 33 exited with code 0
2024/08/11 18:11:44 [notice] 1#1: signal 29 (SIGIO) received
2024/08/11 18:11:44 [notice] 1#1: signal 17 (SIGCHLD) received from 33
2024/08/11 18:12:00 [warn] 1#1: conflicting server name "localhost" on 0.0.0.0:80, ignored
2024/08/11 18:12:00 [notice] 1#1: using the "epoll" event method
2024/08/11 18:12:00 [notice] 1#1: nginx/1.27.0
2024/08/11 18:12:00 [notice] 1#1: built by gcc 13.2.1 20231014 (Alpine 13.2.1_git20231014) 
2024/08/11 18:12:00 [notice] 1#1: OS: Linux 5.15.153.1-microsoft-standard-WSL2
2024/08/11 18:12:00 [notice] 1#1: getrlimit(RLIMIT_NOFILE): 1048576:1048576
2024/08/11 18:12:00 [notice] 1#1: start worker processes
2024/08/11 18:12:00 [notice] 1#1: start worker process 29
2024/08/11 18:12:00 [notice] 1#1: start worker process 30
2024/08/11 18:12:00 [notice] 1#1: start worker process 31
2024/08/11 18:12:00 [notice] 1#1: start worker process 32
2024/08/11 18:12:16 [notice] 1#1: signal 3 (SIGQUIT) received, shutting down
2024/08/11 18:12:16 [notice] 30#30: gracefully shutting down
2024/08/11 18:12:16 [notice] 31#31: gracefully shutting down
2024/08/11 18:12:16 [notice] 31#31: exiting
2024/08/11 18:12:16 [notice] 32#32: gracefully shutting down
2024/08/11 18:12:16 [notice] 29#29: gracefully shutting down
2024/08/11 18:12:16 [notice] 31#31: exit
2024/08/11 18:12:16 [notice] 32#32: exiting
2024/08/11 18:12:16 [notice] 29#29: exiting
2024/08/11 18:12:16 [notice] 32#32: exit
2024/08/11 18:12:16 [notice] 29#29: exit
2024/08/11 18:12:16 [notice] 1#1: signal 17 (SIGCHLD) received from 31
2024/08/11 18:12:16 [notice] 1#1: worker process 29 exited with code 0
2024/08/11 18:12:16 [notice] 1#1: worker process 31 exited with code 0
2024/08/11 18:12:16 [notice] 1#1: signal 29 (SIGIO) received
2024/08/11 18:12:16 [notice] 1#1: signal 17 (SIGCHLD) received from 32
2024/08/11 18:12:16 [notice] 1#1: worker process 32 exited with code 0
2024/08/11 18:12:16 [notice] 1#1: signal 29 (SIGIO) received
2024/08/11 18:12:32 [warn] 1#1: conflicting server name "localhost" on 0.0.0.0:80, ignored
2024/08/11 18:12:32 [notice] 1#1: using the "epoll" event method
2024/08/11 18:12:32 [notice] 1#1: nginx/1.27.0
2024/08/11 18:12:32 [notice] 1#1: built by gcc 13.2.1 20231014 (Alpine 13.2.1_git20231014) 
2024/08/11 18:12:32 [notice] 1#1: OS: Linux 5.15.153.1-microsoft-standard-WSL2
2024/08/11 18:12:32 [notice] 1#1: getrlimit(RLIMIT_NOFILE): 1048576:1048576
2024/08/11 18:12:32 [notice] 1#1: start worker processes
2024/08/11 18:12:32 [notice] 1#1: start worker process 29
2024/08/11 18:12:32 [notice] 1#1: start worker process 30
2024/08/11 18:12:32 [notice] 1#1: start worker process 31
2024/08/11 18:12:32 [notice] 1#1: start worker process 32
2024/08/11 18:15:03 [notice] 1#1: signal 3 (SIGQUIT) received, shutting down
2024/08/11 18:15:03 [notice] 30#30: gracefully shutting down
2024/08/11 18:15:03 [notice] 31#31: gracefully shutting down
2024/08/11 18:15:03 [notice] 31#31: exiting
2024/08/11 18:15:03 [notice] 32#32: gracefully shutting down
2024/08/11 18:15:03 [notice] 29#29: gracefully shutting down
2024/08/11 18:15:03 [notice] 30#30: exiting
2024/08/11 18:15:03 [notice] 30#30: exit
2024/08/11 18:15:03 [notice] 31#31: exit
2024/08/11 18:15:03 [notice] 32#32: exiting
2024/08/11 18:15:03 [notice] 32#32: exit
2024/08/11 18:15:03 [notice] 29#29: exiting
2024/08/11 18:15:03 [notice] 29#29: exit
2024/08/11 18:15:03 [notice] 1#1: signal 17 (SIGCHLD) received from 30
2024/08/11 18:15:03 [notice] 1#1: worker process 30 exited with code 0
2024/08/11 18:15:03 [notice] 1#1: worker process 31 exited with code 0
2024/08/11 18:15:03 [notice] 1#1: signal 29 (SIGIO) received
2024/08/11 18:15:03 [notice] 1#1: signal 17 (SIGCHLD) received from 31
2024/08/11 18:15:03 [notice] 1#1: signal 17 (SIGCHLD) received from 29
2024/08/11 18:15:03 [notice] 1#1: worker process 29 exited with code 0
2024/08/11 18:15:03 [notice] 1#1: signal 29 (SIGIO) received
2024/08/11 18:15:03 [notice] 1#1: signal 17 (SIGCHLD) received from 32
2024/08/11 18:15:03 [notice] 1#1: worker process 32 exited with code 0
2024/08/11 18:15:03 [notice] 1#1: exit
2024/08/11 18:15:40 [warn] 1#1: conflicting server name "localhost" on 0.0.0.0:80, ignored
2024/08/11 18:15:40 [notice] 1#1: using the "epoll" event method
2024/08/11 18:15:40 [notice] 1#1: nginx/1.27.0
2024/08/11 18:15:40 [notice] 1#1: built by gcc 13.2.1 20231014 (Alpine 13.2.1_git20231014) 
2024/08/11 18:15:40 [notice] 1#1: OS: Linux 5.15.153.1-microsoft-standard-WSL2
2024/08/11 18:15:40 [notice] 1#1: getrlimit(RLIMIT_NOFILE): 1048576:1048576
2024/08/11 18:15:40 [notice] 1#1: start worker processes
2024/08/11 18:15:40 [notice] 1#1: start worker process 29
2024/08/11 18:15:40 [notice] 1#1: start worker process 30
2024/08/11 18:15:40 [notice] 1#1: start worker process 31
2024/08/11 18:15:40 [notice] 1#1: start worker process 32
2024/08/11 18:20:49 [notice] 1#1: signal 3 (SIGQUIT) received, shutting down
2024/08/11 18:20:49 [notice] 29#29: gracefully shutting down
2024/08/11 18:20:49 [notice] 31#31: gracefully shutting down
2024/08/11 18:20:49 [notice] 32#32: gracefully shutting down
2024/08/11 18:20:49 [notice] 30#30: gracefully shutting down
2024/08/11 18:20:49 [notice] 29#29: exiting
2024/08/11 18:20:49 [notice] 31#31: exiting
2024/08/11 18:20:49 [notice] 29#29: exit
2024/08/11 18:20:49 [notice] 32#32: exiting
2024/08/11 18:20:49 [notice] 30#30: exiting
2024/08/11 18:20:49 [notice] 31#31: exit
2024/08/11 18:20:49 [notice] 30#30: exit
2024/08/11 18:20:49 [notice] 32#32: exit
2024/08/11 18:20:49 [notice] 1#1: signal 17 (SIGCHLD) received from 29
2024/08/11 18:20:49 [notice] 1#1: worker process 29 exited with code 0
2024/08/11 18:20:49 [notice] 1#1: worker process 32 exited with code 0
2024/08/11 18:20:49 [notice] 1#1: signal 29 (SIGIO) received
2024/08/11 18:20:49 [notice] 1#1: signal 17 (SIGCHLD) received from 30
2024/08/11 18:20:49 [notice] 1#1: worker process 30 exited with code 0
2024/08/11 18:20:49 [notice] 1#1: signal 29 (SIGIO) received
2024/08/11 18:20:49 [notice] 1#1: signal 17 (SIGCHLD) received from 31
2024/08/11 18:20:49 [notice] 1#1: worker process 31 exited with code 0
2024/08/11 18:20:49 [notice] 1#1: exit
2024/08/11 18:21:18 [warn] 1#1: conflicting server name "localhost" on 0.0.0.0:80, ignored
2024/08/11 18:21:18 [notice] 1#1: using the "epoll" event method
2024/08/11 18:21:18 [notice] 1#1: nginx/1.27.0
2024/08/11 18:21:18 [notice] 1#1: built by gcc 13.2.1 20231014 (Alpine 13.2.1_git20231014) 
2024/08/11 18:21:18 [notice] 1#1: OS: Linux 5.15.153.1-microsoft-standard-WSL2
2024/08/11 18:21:18 [notice] 1#1: getrlimit(RLIMIT_NOFILE): 1048576:1048576
2024/08/11 18:21:18 [notice] 1#1: start worker processes
2024/08/11 18:21:18 [notice] 1#1: start worker process 29
2024/08/11 18:21:18 [notice] 1#1: start worker process 30
2024/08/11 18:21:18 [notice] 1#1: start worker process 31
2024/08/11 18:21:18 [notice] 1#1: start worker process 32
2024/08/11 18:23:05 [notice] 1#1: signal 3 (SIGQUIT) received, shutting down
2024/08/11 18:23:05 [notice] 30#30: gracefully shutting down
2024/08/11 18:23:05 [notice] 29#29: gracefully shutting down
2024/08/11 18:23:05 [notice] 32#32: gracefully shutting down
2024/08/11 18:23:05 [notice] 32#32: exiting
2024/08/11 18:23:05 [notice] 31#31: gracefully shutting down
2024/08/11 18:23:05 [notice] 30#30: exiting
2024/08/11 18:23:05 [notice] 29#29: exiting
2024/08/11 18:23:05 [notice] 32#32: exit
2024/08/11 18:23:05 [notice] 30#30: exit
2024/08/11 18:23:05 [notice] 29#29: exit
2024/08/11 18:23:05 [notice] 1#1: signal 17 (SIGCHLD) received from 29
2024/08/11 18:23:05 [notice] 1#1: worker process 29 exited with code 0
2024/08/11 18:23:05 [notice] 1#1: worker process 30 exited with code 0
2024/08/11 18:23:05 [notice] 1#1: worker process 32 exited with code 0
2024/08/11 18:23:05 [notice] 1#1: signal 29 (SIGIO) received
2024/08/11 18:23:07 [notice] 31#31: exiting
2024/08/11 18:23:07 [notice] 31#31: exit
2024/08/11 18:23:07 [notice] 1#1: signal 17 (SIGCHLD) received from 31
2024/08/11 18:23:07 [notice] 1#1: worker process 31 exited with code 0
2024/08/11 18:23:07 [notice] 1#1: exit
2024/08/11 18:23:07 [warn] 1#1: conflicting server name "localhost" on 0.0.0.0:80, ignored
2024/08/11 18:23:07 [notice] 1#1: using the "epoll" event method
2024/08/11 18:23:07 [notice] 1#1: nginx/1.27.0
2024/08/11 18:23:07 [notice] 1#1: built by gcc 13.2.1 20231014 (Alpine 13.2.1_git20231014) 
2024/08/11 18:23:07 [notice] 1#1: OS: Linux 5.15.153.1-microsoft-standard-WSL2
2024/08/11 18:23:07 [notice] 1#1: getrlimit(RLIMIT_NOFILE): 1048576:1048576
2024/08/11 18:23:07 [notice] 1#1: start worker processes
2024/08/11 18:23:07 [notice] 1#1: start worker process 29
2024/08/11 18:23:07 [notice] 1#1: start worker process 30
2024/08/11 18:23:07 [notice] 1#1: start worker process 31
2024/08/11 18:23:07 [notice] 1#1: start worker process 32
2024/08/11 18:23:39 [notice] 1#1: signal 3 (SIGQUIT) received, shutting down
2024/08/11 18:23:39 [notice] 29#29: gracefully shutting down
2024/08/11 18:23:39 [notice] 31#31: gracefully shutting down
2024/08/11 18:23:39 [notice] 32#32: gracefully shutting down
2024/08/11 18:23:39 [notice] 30#30: gracefully shutting down
2024/08/11 18:23:39 [notice] 29#29: exiting
2024/08/11 18:23:39 [notice] 29#29: exit
2024/08/11 18:23:39 [notice] 31#31: exiting
2024/08/11 18:23:39 [notice] 32#32: exiting
2024/08/11 18:23:39 [notice] 31#31: exit
2024/08/11 18:23:39 [notice] 32#32: exit
2024/08/11 18:23:39 [notice] 1#1: signal 17 (SIGCHLD) received from 32
2024/08/11 18:23:39 [notice] 1#1: worker process 32 exited with code 0
2024/08/11 18:23:39 [notice] 1#1: signal 29 (SIGIO) received
2024/08/11 18:23:39 [notice] 1#1: signal 17 (SIGCHLD) received from 31
2024/08/11 18:23:39 [notice] 1#1: worker process 31 exited with code 0
2024/08/11 18:23:39 [notice] 1#1: signal 29 (SIGIO) received
2024/08/11 18:23:39 [notice] 1#1: signal 17 (SIGCHLD) received from 29
2024/08/11 18:23:39 [notice] 1#1: worker process 29 exited with code 0
2024/08/11 18:23:39 [notice] 1#1: signal 29 (SIGIO) received
2024/08/11 18:23:54 [warn] 1#1: conflicting server name "localhost" on 0.0.0.0:80, ignored
2024/08/11 18:23:54 [notice] 1#1: using the "epoll" event method
2024/08/11 18:23:54 [notice] 1#1: nginx/1.27.0
2024/08/11 18:23:54 [notice] 1#1: built by gcc 13.2.1 20231014 (Alpine 13.2.1_git20231014) 
2024/08/11 18:23:54 [notice] 1#1: OS: Linux 5.15.153.1-microsoft-standard-WSL2
2024/08/11 18:23:54 [notice] 1#1: getrlimit(RLIMIT_NOFILE): 1048576:1048576
2024/08/11 18:23:54 [notice] 1#1: start worker processes
2024/08/11 18:23:54 [notice] 1#1: start worker process 29
2024/08/11 18:23:54 [notice] 1#1: start worker process 30
2024/08/11 18:23:54 [notice] 1#1: start worker process 31
2024/08/11 18:23:54 [notice] 1#1: start worker process 32
2024/08/11 18:23:55 [error] 29#29: *1 directory index of "/var/www/html/" is forbidden, client: 192.168.128.1, server: localhost, request: "GET / HTTP/1.1", host: "localhost:8000"
2024/08/11 18:23:56 [error] 29#29: *1 directory index of "/var/www/html/" is forbidden, client: 192.168.128.1, server: localhost, request: "GET / HTTP/1.1", host: "localhost:8000"
2024/08/11 18:23:56 [error] 29#29: *1 directory index of "/var/www/html/" is forbidden, client: 192.168.128.1, server: localhost, request: "GET / HTTP/1.1", host: "localhost:8000"
2024/08/11 18:24:39 [notice] 1#1: signal 3 (SIGQUIT) received, shutting down
2024/08/11 18:24:39 [notice] 30#30: gracefully shutting down
2024/08/11 18:24:39 [notice] 32#32: gracefully shutting down
2024/08/11 18:24:39 [notice] 32#32: exiting
2024/08/11 18:24:39 [notice] 29#29: gracefully shutting down
2024/08/11 18:24:39 [notice] 31#31: gracefully shutting down
2024/08/11 18:24:39 [notice] 31#31: exiting
2024/08/11 18:24:39 [notice] 32#32: exit
2024/08/11 18:24:39 [notice] 29#29: exiting
2024/08/11 18:24:39 [notice] 31#31: exit
2024/08/11 18:24:39 [notice] 29#29: exit
2024/08/11 18:24:39 [notice] 1#1: signal 17 (SIGCHLD) received from 31
2024/08/11 18:24:39 [notice] 1#1: worker process 31 exited with code 0
2024/08/11 18:24:39 [notice] 1#1: signal 29 (SIGIO) received
2024/08/11 18:24:39 [notice] 1#1: signal 17 (SIGCHLD) received from 29
2024/08/11 18:24:39 [notice] 1#1: worker process 29 exited with code 0
2024/08/11 18:24:39 [notice] 1#1: signal 29 (SIGIO) received
2024/08/11 18:24:39 [notice] 1#1: signal 17 (SIGCHLD) received from 32
2024/08/11 18:24:39 [notice] 1#1: worker process 32 exited with code 0
2024/08/11 18:24:39 [notice] 1#1: signal 29 (SIGIO) received
2024/08/11 18:25:14 [warn] 1#1: conflicting server name "localhost" on 0.0.0.0:80, ignored
2024/08/11 18:25:14 [notice] 1#1: using the "epoll" event method
2024/08/11 18:25:14 [notice] 1#1: nginx/1.27.0
2024/08/11 18:25:14 [notice] 1#1: built by gcc 13.2.1 20231014 (Alpine 13.2.1_git20231014) 
2024/08/11 18:25:14 [notice] 1#1: OS: Linux 5.15.153.1-microsoft-standard-WSL2
2024/08/11 18:25:14 [notice] 1#1: getrlimit(RLIMIT_NOFILE): 1048576:1048576
2024/08/11 18:25:14 [notice] 1#1: start worker processes
2024/08/11 18:25:14 [notice] 1#1: start worker process 28
2024/08/11 18:25:14 [notice] 1#1: start worker process 29
2024/08/11 18:25:14 [notice] 1#1: start worker process 30
2024/08/11 18:25:14 [notice] 1#1: start worker process 31
2024/08/11 18:27:52 [notice] 1#1: signal 3 (SIGQUIT) received, shutting down
2024/08/11 18:27:52 [notice] 28#28: gracefully shutting down
2024/08/11 18:27:52 [notice] 30#30: gracefully shutting down
2024/08/11 18:27:52 [notice] 31#31: gracefully shutting down
2024/08/11 18:27:52 [notice] 29#29: gracefully shutting down
2024/08/11 18:27:52 [notice] 28#28: exiting
2024/08/11 18:27:52 [notice] 28#28: exit
2024/08/11 18:27:52 [notice] 30#30: exiting
2024/08/11 18:27:52 [notice] 31#31: exiting
2024/08/11 18:27:52 [notice] 29#29: exiting
2024/08/11 18:27:52 [notice] 31#31: exit
2024/08/11 18:27:52 [notice] 30#30: exit
2024/08/11 18:27:52 [notice] 29#29: exit
2024/08/11 18:27:52 [notice] 1#1: signal 17 (SIGCHLD) received from 30
2024/08/11 18:27:52 [notice] 1#1: worker process 28 exited with code 0
2024/08/11 18:27:52 [notice] 1#1: worker process 30 exited with code 0
2024/08/11 18:27:52 [notice] 1#1: signal 29 (SIGIO) received
2024/08/11 18:27:52 [notice] 1#1: signal 17 (SIGCHLD) received from 29
2024/08/11 18:27:52 [notice] 1#1: worker process 29 exited with code 0
2024/08/11 18:27:52 [notice] 1#1: worker process 31 exited with code 0
2024/08/11 18:27:52 [notice] 1#1: exit
2024/08/11 18:27:57 [warn] 1#1: conflicting server name "localhost" on 0.0.0.0:80, ignored
2024/08/11 18:27:57 [notice] 1#1: using the "epoll" event method
2024/08/11 18:27:57 [notice] 1#1: nginx/1.27.0
2024/08/11 18:27:57 [notice] 1#1: built by gcc 13.2.1 20231014 (Alpine 13.2.1_git20231014) 
2024/08/11 18:27:57 [notice] 1#1: OS: Linux 5.15.153.1-microsoft-standard-WSL2
2024/08/11 18:27:57 [notice] 1#1: getrlimit(RLIMIT_NOFILE): 1048576:1048576
2024/08/11 18:27:57 [notice] 1#1: start worker processes
2024/08/11 18:27:57 [notice] 1#1: start worker process 30
2024/08/11 18:27:57 [notice] 1#1: start worker process 31
2024/08/11 18:27:57 [notice] 1#1: start worker process 32
2024/08/11 18:27:57 [notice] 1#1: start worker process 33
2024/08/11 18:29:16 [warn] 51#51: conflicting server name "localhost" on 0.0.0.0:80, ignored
2024/08/11 18:31:16 [notice] 1#1: signal 3 (SIGQUIT) received, shutting down
2024/08/11 18:31:16 [notice] 30#30: gracefully shutting down
2024/08/11 18:31:16 [notice] 32#32: gracefully shutting down
2024/08/11 18:31:16 [notice] 31#31: gracefully shutting down
2024/08/11 18:31:16 [notice] 33#33: gracefully shutting down
2024/08/11 18:31:16 [notice] 30#30: exiting
2024/08/11 18:31:16 [notice] 32#32: exiting
2024/08/11 18:31:16 [notice] 31#31: exiting
2024/08/11 18:31:16 [notice] 33#33: exiting
2024/08/11 18:31:16 [notice] 30#30: exit
2024/08/11 18:31:16 [notice] 32#32: exit
2024/08/11 18:31:16 [notice] 31#31: exit
2024/08/11 18:31:16 [notice] 33#33: exit
2024/08/11 18:31:16 [notice] 1#1: signal 17 (SIGCHLD) received from 33
2024/08/11 18:31:16 [notice] 1#1: worker process 30 exited with code 0
2024/08/11 18:31:16 [notice] 1#1: worker process 31 exited with code 0
2024/08/11 18:31:16 [notice] 1#1: worker process 32 exited with code 0
2024/08/11 18:31:16 [notice] 1#1: worker process 33 exited with code 0
2024/08/11 18:31:16 [notice] 1#1: exit
2024/08/11 18:31:22 [warn] 1#1: conflicting server name "localhost" on 0.0.0.0:80, ignored
2024/08/11 18:31:22 [notice] 1#1: using the "epoll" event method
2024/08/11 18:31:22 [notice] 1#1: nginx/1.27.0
2024/08/11 18:31:22 [notice] 1#1: built by gcc 13.2.1 20231014 (Alpine 13.2.1_git20231014) 
2024/08/11 18:31:22 [notice] 1#1: OS: Linux 5.15.153.1-microsoft-standard-WSL2
2024/08/11 18:31:22 [notice] 1#1: getrlimit(RLIMIT_NOFILE): 1048576:1048576
2024/08/11 18:31:22 [notice] 1#1: start worker processes
2024/08/11 18:31:22 [notice] 1#1: start worker process 28
2024/08/11 18:31:22 [notice] 1#1: start worker process 29
2024/08/11 18:31:22 [notice] 1#1: start worker process 30
2024/08/11 18:31:22 [notice] 1#1: start worker process 31
2024/08/11 18:33:14 [notice] 1#1: signal 3 (SIGQUIT) received, shutting down
2024/08/11 18:33:14 [notice] 28#28: gracefully shutting down
2024/08/11 18:33:14 [notice] 29#29: gracefully shutting down
2024/08/11 18:33:14 [notice] 30#30: gracefully shutting down
2024/08/11 18:33:14 [notice] 31#31: gracefully shutting down
2024/08/11 18:33:14 [notice] 28#28: exiting
2024/08/11 18:33:14 [notice] 29#29: exiting
2024/08/11 18:33:14 [notice] 30#30: exiting
2024/08/11 18:33:14 [notice] 31#31: exiting
2024/08/11 18:33:14 [notice] 28#28: exit
2024/08/11 18:33:14 [notice] 29#29: exit
2024/08/11 18:33:14 [notice] 30#30: exit
2024/08/11 18:33:14 [notice] 31#31: exit
2024/08/11 18:33:14 [notice] 1#1: signal 17 (SIGCHLD) received from 29
2024/08/11 18:33:14 [notice] 1#1: worker process 29 exited with code 0
2024/08/11 18:33:14 [notice] 1#1: worker process 30 exited with code 0
2024/08/11 18:33:14 [notice] 1#1: worker process 31 exited with code 0
2024/08/11 18:33:14 [notice] 1#1: signal 29 (SIGIO) received
2024/08/11 18:33:14 [notice] 1#1: signal 17 (SIGCHLD) received from 31
2024/08/11 18:33:14 [notice] 1#1: signal 17 (SIGCHLD) received from 28
2024/08/11 18:33:14 [notice] 1#1: worker process 28 exited with code 0
2024/08/11 18:33:14 [notice] 1#1: exit
2024/08/11 18:33:21 [warn] 1#1: conflicting server name "localhost" on 0.0.0.0:80, ignored
2024/08/11 18:33:21 [notice] 1#1: using the "epoll" event method
2024/08/11 18:33:21 [notice] 1#1: nginx/1.27.0
2024/08/11 18:33:21 [notice] 1#1: built by gcc 13.2.1 20231014 (Alpine 13.2.1_git20231014) 
2024/08/11 18:33:21 [notice] 1#1: OS: Linux 5.15.153.1-microsoft-standard-WSL2
2024/08/11 18:33:21 [notice] 1#1: getrlimit(RLIMIT_NOFILE): 1048576:1048576
2024/08/11 18:33:21 [notice] 1#1: start worker processes
2024/08/11 18:33:21 [notice] 1#1: start worker process 29
2024/08/11 18:33:21 [notice] 1#1: start worker process 30
2024/08/11 18:33:21 [notice] 1#1: start worker process 31
2024/08/11 18:33:21 [notice] 1#1: start worker process 32
2024/08/11 20:01:34 [notice] 1#1: signal 3 (SIGQUIT) received, shutting down
2024/08/11 20:01:34 [notice] 29#29: gracefully shutting down
2024/08/11 20:01:34 [notice] 31#31: gracefully shutting down
2024/08/11 20:01:34 [notice] 30#30: gracefully shutting down
2024/08/11 20:01:34 [notice] 30#30: exiting
2024/08/11 20:01:34 [notice] 32#32: gracefully shutting down
2024/08/11 20:01:34 [notice] 29#29: exiting
2024/08/11 20:01:34 [notice] 29#29: exit
2024/08/11 20:01:34 [notice] 31#31: exiting
2024/08/11 20:01:34 [notice] 31#31: exit
2024/08/11 20:01:34 [notice] 30#30: exit
2024/08/11 20:01:34 [notice] 32#32: exiting
2024/08/11 20:01:34 [notice] 32#32: exit
2024/08/11 20:01:34 [notice] 1#1: signal 17 (SIGCHLD) received from 32
2024/08/11 20:01:34 [notice] 1#1: worker process 29 exited with code 0
2024/08/11 20:01:34 [notice] 1#1: worker process 30 exited with code 0
2024/08/11 20:01:34 [notice] 1#1: worker process 32 exited with code 0
2024/08/11 20:01:34 [notice] 1#1: signal 29 (SIGIO) received
2024/08/11 20:01:34 [notice] 1#1: signal 17 (SIGCHLD) received from 31
2024/08/11 20:01:34 [notice] 1#1: worker process 31 exited with code 0
2024/08/11 20:01:34 [notice] 1#1: exit
2024/08/12 11:44:29 [emerg] 1#1: host not found in upstream "php" in /etc/nginx/conf.d/default.conf:14
2024/08/12 11:44:44 [warn] 1#1: conflicting server name "localhost" on 0.0.0.0:80, ignored
2024/08/12 11:44:44 [notice] 1#1: using the "epoll" event method
2024/08/12 11:44:44 [notice] 1#1: nginx/1.27.0
2024/08/12 11:44:44 [notice] 1#1: built by gcc 13.2.1 20231014 (Alpine 13.2.1_git20231014) 
2024/08/12 11:44:44 [notice] 1#1: OS: Linux 5.15.153.1-microsoft-standard-WSL2
2024/08/12 11:44:44 [notice] 1#1: getrlimit(RLIMIT_NOFILE): 1048576:1048576
2024/08/12 11:44:44 [notice] 1#1: start worker processes
2024/08/12 11:44:44 [notice] 1#1: start worker process 29
2024/08/12 11:44:44 [notice] 1#1: start worker process 30
2024/08/12 11:44:44 [notice] 1#1: start worker process 31
2024/08/12 11:44:44 [notice] 1#1: start worker process 32
2024/08/12 11:45:06 [warn] 1#1: conflicting server name "localhost" on 0.0.0.0:80, ignored
2024/08/12 11:45:06 [notice] 1#1: using the "epoll" event method
2024/08/12 11:45:06 [notice] 1#1: nginx/1.27.0
2024/08/12 11:45:06 [notice] 1#1: built by gcc 13.2.1 20231014 (Alpine 13.2.1_git20231014) 
2024/08/12 11:45:06 [notice] 1#1: OS: Linux 5.15.153.1-microsoft-standard-WSL2
2024/08/12 11:45:06 [notice] 1#1: getrlimit(RLIMIT_NOFILE): 1048576:1048576
2024/08/12 11:45:06 [notice] 1#1: start worker processes
2024/08/12 11:45:06 [notice] 1#1: start worker process 29
2024/08/12 11:45:06 [notice] 1#1: start worker process 30
2024/08/12 11:45:06 [notice] 1#1: start worker process 31
2024/08/12 11:45:06 [notice] 1#1: start worker process 32
2024/08/12 12:16:46 [notice] 1#1: signal 3 (SIGQUIT) received, shutting down
2024/08/12 12:16:46 [notice] 29#29: gracefully shutting down
2024/08/12 12:16:46 [notice] 31#31: gracefully shutting down
2024/08/12 12:16:46 [notice] 30#30: gracefully shutting down
2024/08/12 12:16:46 [notice] 32#32: gracefully shutting down
2024/08/12 12:16:46 [notice] 32#32: exiting
2024/08/12 12:16:46 [notice] 29#29: exiting
2024/08/12 12:16:46 [notice] 31#31: exiting
2024/08/12 12:16:46 [notice] 30#30: exiting
2024/08/12 12:16:46 [notice] 32#32: exit
2024/08/12 12:16:46 [notice] 29#29: exit
2024/08/12 12:16:46 [notice] 31#31: exit
2024/08/12 12:16:46 [notice] 30#30: exit
2024/08/12 12:16:46 [notice] 1#1: signal 17 (SIGCHLD) received from 32
2024/08/12 12:16:46 [notice] 1#1: worker process 32 exited with code 0
2024/08/12 12:16:46 [notice] 1#1: signal 29 (SIGIO) received
2024/08/12 12:16:46 [notice] 1#1: signal 17 (SIGCHLD) received from 31
2024/08/12 12:16:46 [notice] 1#1: worker process 31 exited with code 0
2024/08/12 12:16:46 [notice] 1#1: signal 29 (SIGIO) received
2024/08/12 12:16:46 [notice] 1#1: signal 17 (SIGCHLD) received from 30
2024/08/12 12:16:46 [notice] 1#1: worker process 29 exited with code 0
2024/08/12 12:16:46 [notice] 1#1: worker process 30 exited with code 0
2024/08/12 12:16:46 [notice] 1#1: exit
2024/08/12 12:16:53 [warn] 1#1: conflicting server name "localhost" on 0.0.0.0:80, ignored
2024/08/12 12:16:53 [notice] 1#1: using the "epoll" event method
2024/08/12 12:16:53 [notice] 1#1: nginx/1.27.0
2024/08/12 12:16:53 [notice] 1#1: built by gcc 13.2.1 20231014 (Alpine 13.2.1_git20231014) 
2024/08/12 12:16:53 [notice] 1#1: OS: Linux 5.15.153.1-microsoft-standard-WSL2
2024/08/12 12:16:53 [notice] 1#1: getrlimit(RLIMIT_NOFILE): 1048576:1048576
2024/08/12 12:16:53 [notice] 1#1: start worker processes
2024/08/12 12:16:53 [notice] 1#1: start worker process 28
2024/08/12 12:16:53 [notice] 1#1: start worker process 29
2024/08/12 12:16:53 [notice] 1#1: start worker process 30
2024/08/12 12:16:53 [notice] 1#1: start worker process 31
2024/08/12 12:17:13 [notice] 1#1: signal 3 (SIGQUIT) received, shutting down
2024/08/12 12:17:13 [notice] 29#29: gracefully shutting down
2024/08/12 12:17:13 [notice] 28#28: gracefully shutting down
2024/08/12 12:17:13 [notice] 30#30: gracefully shutting down
2024/08/12 12:17:13 [notice] 31#31: gracefully shutting down
2024/08/12 12:17:13 [notice] 29#29: exiting
2024/08/12 12:17:13 [notice] 28#28: exiting
2024/08/12 12:17:13 [notice] 28#28: exit
2024/08/12 12:17:13 [notice] 30#30: exiting
2024/08/12 12:17:13 [notice] 30#30: exit
2024/08/12 12:17:13 [notice] 31#31: exiting
2024/08/12 12:17:13 [notice] 29#29: exit
2024/08/12 12:17:13 [notice] 31#31: exit
2024/08/12 12:17:13 [notice] 1#1: signal 17 (SIGCHLD) received from 30
2024/08/12 12:17:13 [notice] 1#1: worker process 30 exited with code 0
2024/08/12 12:17:13 [notice] 1#1: signal 29 (SIGIO) received
2024/08/12 12:17:13 [notice] 1#1: signal 17 (SIGCHLD) received from 29
2024/08/12 12:17:13 [notice] 1#1: worker process 28 exited with code 0
2024/08/12 12:17:13 [notice] 1#1: worker process 29 exited with code 0
2024/08/12 12:17:13 [notice] 1#1: signal 29 (SIGIO) received
2024/08/12 12:17:13 [notice] 1#1: signal 17 (SIGCHLD) received from 31
2024/08/12 12:17:13 [notice] 1#1: worker process 31 exited with code 0
2024/08/12 12:17:13 [notice] 1#1: exit
2024/08/12 12:17:18 [warn] 1#1: conflicting server name "localhost" on 0.0.0.0:80, ignored
2024/08/12 12:17:18 [notice] 1#1: using the "epoll" event method
2024/08/12 12:17:18 [notice] 1#1: nginx/1.27.0
2024/08/12 12:17:18 [notice] 1#1: built by gcc 13.2.1 20231014 (Alpine 13.2.1_git20231014) 
2024/08/12 12:17:18 [notice] 1#1: OS: Linux 5.15.153.1-microsoft-standard-WSL2
2024/08/12 12:17:18 [notice] 1#1: getrlimit(RLIMIT_NOFILE): 1048576:1048576
2024/08/12 12:17:18 [notice] 1#1: start worker processes
2024/08/12 12:17:18 [notice] 1#1: start worker process 29
2024/08/12 12:17:18 [notice] 1#1: start worker process 30
2024/08/12 12:17:18 [notice] 1#1: start worker process 31
2024/08/12 12:17:18 [notice] 1#1: start worker process 32
2024/08/12 12:17:36 [notice] 1#1: signal 3 (SIGQUIT) received, shutting down
2024/08/12 12:17:36 [notice] 30#30: gracefully shutting down
2024/08/12 12:17:36 [notice] 29#29: gracefully shutting down
2024/08/12 12:17:36 [notice] 29#29: exiting
2024/08/12 12:17:36 [notice] 32#32: gracefully shutting down
2024/08/12 12:17:36 [notice] 32#32: exiting
2024/08/12 12:17:36 [notice] 31#31: gracefully shutting down
2024/08/12 12:17:36 [notice] 30#30: exiting
2024/08/12 12:17:36 [notice] 30#30: exit
2024/08/12 12:17:36 [notice] 29#29: exit
2024/08/12 12:17:36 [notice] 32#32: exit
2024/08/12 12:17:36 [notice] 31#31: exiting
2024/08/12 12:17:36 [notice] 31#31: exit
2024/08/12 12:17:36 [notice] 1#1: signal 17 (SIGCHLD) received from 32
2024/08/12 12:17:36 [notice] 1#1: worker process 32 exited with code 0
2024/08/12 12:17:36 [notice] 1#1: signal 29 (SIGIO) received
2024/08/12 12:17:36 [notice] 1#1: signal 17 (SIGCHLD) received from 31
2024/08/12 12:17:36 [notice] 1#1: worker process 30 exited with code 0
2024/08/12 12:17:36 [notice] 1#1: worker process 31 exited with code 0
2024/08/12 12:17:36 [notice] 1#1: signal 29 (SIGIO) received
2024/08/12 12:17:36 [notice] 1#1: signal 17 (SIGCHLD) received from 29
2024/08/12 12:17:36 [notice] 1#1: worker process 29 exited with code 0
2024/08/12 12:17:36 [notice] 1#1: exit
2024/08/12 12:18:19 [warn] 1#1: conflicting server name "localhost" on 0.0.0.0:80, ignored
2024/08/12 12:18:19 [notice] 1#1: using the "epoll" event method
2024/08/12 12:18:19 [notice] 1#1: nginx/1.27.0
2024/08/12 12:18:19 [notice] 1#1: built by gcc 13.2.1 20231014 (Alpine 13.2.1_git20231014) 
2024/08/12 12:18:19 [notice] 1#1: OS: Linux 5.15.153.1-microsoft-standard-WSL2
2024/08/12 12:18:19 [notice] 1#1: getrlimit(RLIMIT_NOFILE): 1048576:1048576
2024/08/12 12:18:19 [notice] 1#1: start worker processes
2024/08/12 12:18:19 [notice] 1#1: start worker process 29
2024/08/12 12:18:19 [notice] 1#1: start worker process 30
2024/08/12 12:18:19 [notice] 1#1: start worker process 31
2024/08/12 12:18:19 [notice] 1#1: start worker process 32
2024/08/12 15:02:20 [notice] 1#1: signal 3 (SIGQUIT) received, shutting down
2024/08/12 15:02:20 [notice] 29#29: gracefully shutting down
2024/08/12 15:02:20 [notice] 30#30: gracefully shutting down
2024/08/12 15:02:20 [notice] 32#32: gracefully shutting down
2024/08/12 15:02:20 [notice] 31#31: gracefully shutting down
2024/08/12 15:02:20 [notice] 29#29: exiting
2024/08/12 15:02:20 [notice] 30#30: exiting
2024/08/12 15:02:20 [notice] 32#32: exiting
2024/08/12 15:02:20 [notice] 31#31: exiting
2024/08/12 15:02:20 [notice] 31#31: exit
2024/08/12 15:02:20 [notice] 29#29: exit
2024/08/12 15:02:20 [notice] 30#30: exit
2024/08/12 15:02:20 [notice] 32#32: exit
2024/08/12 15:02:20 [notice] 1#1: signal 17 (SIGCHLD) received from 29
2024/08/12 15:02:20 [notice] 1#1: worker process 29 exited with code 0
2024/08/12 15:02:20 [notice] 1#1: worker process 31 exited with code 0
2024/08/12 15:02:20 [notice] 1#1: signal 29 (SIGIO) received
2024/08/12 15:02:20 [notice] 1#1: signal 17 (SIGCHLD) received from 31
2024/08/12 15:02:20 [notice] 1#1: signal 17 (SIGCHLD) received from 32
2024/08/12 15:02:20 [notice] 1#1: worker process 30 exited with code 0
2024/08/12 15:02:20 [notice] 1#1: worker process 32 exited with code 0
2024/08/12 15:02:20 [notice] 1#1: exit
2024/08/12 15:19:55 [warn] 1#1: conflicting server name "localhost" on 0.0.0.0:80, ignored
2024/08/12 15:19:55 [notice] 1#1: using the "epoll" event method
2024/08/12 15:19:55 [notice] 1#1: nginx/1.27.0
2024/08/12 15:19:55 [notice] 1#1: built by gcc 13.2.1 20231014 (Alpine 13.2.1_git20231014) 
2024/08/12 15:19:55 [notice] 1#1: OS: Linux 5.15.153.1-microsoft-standard-WSL2
2024/08/12 15:19:55 [notice] 1#1: getrlimit(RLIMIT_NOFILE): 1048576:1048576
2024/08/12 15:19:55 [notice] 1#1: start worker processes
2024/08/12 15:19:55 [notice] 1#1: start worker process 30
2024/08/12 15:19:55 [notice] 1#1: start worker process 31
2024/08/12 15:19:55 [notice] 1#1: start worker process 32
2024/08/12 15:19:55 [notice] 1#1: start worker process 33
2024/08/12 15:20:30 [notice] 1#1: signal 3 (SIGQUIT) received, shutting down
2024/08/12 15:20:30 [notice] 31#31: gracefully shutting down
2024/08/12 15:20:30 [notice] 30#30: gracefully shutting down
2024/08/12 15:20:30 [notice] 32#32: gracefully shutting down
2024/08/12 15:20:30 [notice] 32#32: exiting
2024/08/12 15:20:30 [notice] 33#33: gracefully shutting down
2024/08/12 15:20:30 [notice] 30#30: exiting
2024/08/12 15:20:30 [notice] 30#30: exit
2024/08/12 15:20:30 [notice] 32#32: exit
2024/08/12 15:20:30 [notice] 33#33: exiting
2024/08/12 15:20:30 [notice] 33#33: exit
2024/08/12 15:20:30 [notice] 1#1: signal 17 (SIGCHLD) received from 33
2024/08/12 15:20:30 [notice] 1#1: worker process 33 exited with code 0
2024/08/12 15:20:30 [notice] 1#1: signal 29 (SIGIO) received
2024/08/12 15:20:30 [notice] 1#1: signal 17 (SIGCHLD) received from 32
2024/08/12 15:20:30 [notice] 1#1: worker process 30 exited with code 0
2024/08/12 15:20:30 [notice] 1#1: worker process 32 exited with code 0
2024/08/12 15:20:30 [notice] 1#1: signal 29 (SIGIO) received
2024/08/12 15:20:30 [notice] 1#1: signal 17 (SIGCHLD) received from 30
2024/08/12 15:39:51 [warn] 1#1: conflicting server name "localhost" on 0.0.0.0:80, ignored
2024/08/12 15:39:51 [notice] 1#1: using the "epoll" event method
2024/08/12 15:39:51 [notice] 1#1: nginx/1.27.0
2024/08/12 15:39:51 [notice] 1#1: built by gcc 13.2.1 20231014 (Alpine 13.2.1_git20231014) 
2024/08/12 15:39:51 [notice] 1#1: OS: Linux 5.15.153.1-microsoft-standard-WSL2
2024/08/12 15:39:51 [notice] 1#1: getrlimit(RLIMIT_NOFILE): 1048576:1048576
2024/08/12 15:39:51 [notice] 1#1: start worker processes
2024/08/12 15:39:51 [notice] 1#1: start worker process 29
2024/08/12 15:39:51 [notice] 1#1: start worker process 30
2024/08/12 15:39:51 [notice] 1#1: start worker process 31
2024/08/12 15:39:51 [notice] 1#1: start worker process 32
2024/08/12 15:44:13 [notice] 1#1: signal 3 (SIGQUIT) received, shutting down
2024/08/12 15:44:13 [notice] 29#29: gracefully shutting down
2024/08/12 15:44:13 [notice] 31#31: gracefully shutting down
2024/08/12 15:44:13 [notice] 32#32: gracefully shutting down
2024/08/12 15:44:13 [notice] 30#30: gracefully shutting down
2024/08/12 15:44:13 [notice] 29#29: exiting
2024/08/12 15:44:13 [notice] 31#31: exiting
2024/08/12 15:44:13 [notice] 32#32: exiting
2024/08/12 15:44:13 [notice] 32#32: exit
2024/08/12 15:44:13 [notice] 30#30: exiting
2024/08/12 15:44:13 [notice] 29#29: exit
2024/08/12 15:44:13 [notice] 31#31: exit
2024/08/12 15:44:13 [notice] 30#30: exit
2024/08/12 15:44:13 [notice] 1#1: signal 17 (SIGCHLD) received from 30
2024/08/12 15:44:13 [notice] 1#1: worker process 30 exited with code 0
2024/08/12 15:44:13 [notice] 1#1: signal 29 (SIGIO) received
2024/08/12 15:44:13 [notice] 1#1: signal 17 (SIGCHLD) received from 29
2024/08/12 15:44:13 [notice] 1#1: worker process 29 exited with code 0
2024/08/12 15:44:13 [notice] 1#1: worker process 32 exited with code 0
2024/08/12 15:44:13 [notice] 1#1: signal 29 (SIGIO) received
2024/08/12 15:44:13 [notice] 1#1: signal 17 (SIGCHLD) received from 32
2024/08/12 15:44:13 [notice] 1#1: signal 17 (SIGCHLD) received from 31
2024/08/12 15:44:13 [notice] 1#1: worker process 31 exited with code 0
2024/08/12 15:44:13 [notice] 1#1: exit
2024/08/12 15:56:03 [warn] 1#1: conflicting server name "localhost" on 0.0.0.0:80, ignored
2024/08/12 15:56:03 [notice] 1#1: using the "epoll" event method
2024/08/12 15:56:03 [notice] 1#1: nginx/1.27.0
2024/08/12 15:56:03 [notice] 1#1: built by gcc 13.2.1 20231014 (Alpine 13.2.1_git20231014) 
2024/08/12 15:56:03 [notice] 1#1: OS: Linux 5.15.153.1-microsoft-standard-WSL2
2024/08/12 15:56:03 [notice] 1#1: getrlimit(RLIMIT_NOFILE): 1048576:1048576
2024/08/12 15:56:03 [notice] 1#1: start worker processes
2024/08/12 15:56:03 [notice] 1#1: start worker process 29
2024/08/12 15:56:03 [notice] 1#1: start worker process 30
2024/08/12 15:56:03 [notice] 1#1: start worker process 31
2024/08/12 15:56:03 [notice] 1#1: start worker process 32
2024/08/12 19:07:32 [notice] 1#1: signal 3 (SIGQUIT) received, shutting down
2024/08/12 19:07:32 [notice] 29#29: gracefully shutting down
2024/08/12 19:07:32 [notice] 31#31: gracefully shutting down
2024/08/12 19:07:32 [notice] 31#31: exiting
2024/08/12 19:07:32 [notice] 32#32: gracefully shutting down
2024/08/12 19:07:32 [notice] 30#30: gracefully shutting down
2024/08/12 19:07:32 [notice] 29#29: exiting
2024/08/12 19:07:32 [notice] 31#31: exit
2024/08/12 19:07:32 [notice] 32#32: exiting
2024/08/12 19:07:32 [notice] 30#30: exiting
2024/08/12 19:07:32 [notice] 29#29: exit
2024/08/12 19:07:32 [notice] 32#32: exit
2024/08/12 19:07:32 [notice] 30#30: exit
2024/08/12 19:07:32 [notice] 1#1: signal 17 (SIGCHLD) received from 31
2024/08/12 19:07:32 [notice] 1#1: worker process 31 exited with code 0
2024/08/12 19:07:32 [notice] 1#1: signal 29 (SIGIO) received
2024/08/12 19:07:32 [notice] 1#1: signal 17 (SIGCHLD) received from 32
2024/08/12 19:07:32 [notice] 1#1: worker process 32 exited with code 0
2024/08/12 19:07:32 [notice] 1#1: signal 29 (SIGIO) received
2024/08/12 19:07:32 [notice] 1#1: signal 17 (SIGCHLD) received from 29
2024/08/12 19:07:32 [notice] 1#1: worker process 29 exited with code 0
2024/08/12 19:07:32 [notice] 1#1: signal 29 (SIGIO) received
2024/08/12 19:07:32 [notice] 1#1: signal 17 (SIGCHLD) received from 30
2024/08/12 19:07:32 [notice] 1#1: worker process 30 exited with code 0
2024/08/12 19:07:32 [notice] 1#1: exit
2024/08/12 19:07:40 [warn] 1#1: conflicting server name "localhost" on 0.0.0.0:80, ignored
2024/08/12 19:07:40 [notice] 1#1: using the "epoll" event method
2024/08/12 19:07:40 [notice] 1#1: nginx/1.27.0
2024/08/12 19:07:40 [notice] 1#1: built by gcc 13.2.1 20231014 (Alpine 13.2.1_git20231014) 
2024/08/12 19:07:40 [notice] 1#1: OS: Linux 5.15.153.1-microsoft-standard-WSL2
2024/08/12 19:07:40 [notice] 1#1: getrlimit(RLIMIT_NOFILE): 1048576:1048576
2024/08/12 19:07:40 [notice] 1#1: start worker processes
2024/08/12 19:07:40 [notice] 1#1: start worker process 29
2024/08/12 19:07:40 [notice] 1#1: start worker process 30
2024/08/12 19:07:40 [notice] 1#1: start worker process 31
2024/08/12 19:07:40 [notice] 1#1: start worker process 32
2024/08/12 19:16:48 [notice] 1#1: signal 3 (SIGQUIT) received, shutting down
2024/08/12 19:16:48 [notice] 29#29: gracefully shutting down
2024/08/12 19:16:48 [notice] 31#31: gracefully shutting down
2024/08/12 19:16:48 [notice] 30#30: gracefully shutting down
2024/08/12 19:16:48 [notice] 32#32: gracefully shutting down
2024/08/12 19:16:48 [notice] 29#29: exiting
2024/08/12 19:16:48 [notice] 31#31: exiting
2024/08/12 19:16:48 [notice] 30#30: exiting
2024/08/12 19:16:48 [notice] 32#32: exiting
2024/08/12 19:16:48 [notice] 31#31: exit
2024/08/12 19:16:48 [notice] 29#29: exit
2024/08/12 19:16:48 [notice] 30#30: exit
2024/08/12 19:16:48 [notice] 32#32: exit
2024/08/12 19:16:48 [notice] 1#1: signal 17 (SIGCHLD) received from 32
2024/08/12 19:16:48 [notice] 1#1: worker process 32 exited with code 0
2024/08/12 19:16:48 [notice] 1#1: signal 29 (SIGIO) received
2024/08/12 19:16:48 [notice] 1#1: signal 17 (SIGCHLD) received from 29
2024/08/12 19:16:48 [notice] 1#1: worker process 29 exited with code 0
2024/08/12 19:16:48 [notice] 1#1: worker process 30 exited with code 0
2024/08/12 19:16:48 [notice] 1#1: worker process 31 exited with code 0
2024/08/12 19:16:48 [notice] 1#1: exit
2024/08/12 19:20:57 [warn] 1#1: conflicting server name "localhost" on 0.0.0.0:80, ignored
2024/08/12 19:20:57 [notice] 1#1: using the "epoll" event method
2024/08/12 19:20:57 [notice] 1#1: nginx/1.27.0
2024/08/12 19:20:57 [notice] 1#1: built by gcc 13.2.1 20231014 (Alpine 13.2.1_git20231014) 
2024/08/12 19:20:57 [notice] 1#1: OS: Linux 5.15.153.1-microsoft-standard-WSL2
2024/08/12 19:20:57 [notice] 1#1: getrlimit(RLIMIT_NOFILE): 1048576:1048576
2024/08/12 19:20:57 [notice] 1#1: start worker processes
2024/08/12 19:20:57 [notice] 1#1: start worker process 29
2024/08/12 19:20:57 [notice] 1#1: start worker process 30
2024/08/12 19:20:57 [notice] 1#1: start worker process 31
2024/08/12 19:20:57 [notice] 1#1: start worker process 32
2024/08/12 19:33:11 [notice] 1#1: signal 3 (SIGQUIT) received, shutting down
2024/08/12 19:33:11 [notice] 30#30: gracefully shutting down
2024/08/12 19:33:11 [notice] 29#29: gracefully shutting down
2024/08/12 19:33:11 [notice] 31#31: gracefully shutting down
2024/08/12 19:33:11 [notice] 32#32: gracefully shutting down
2024/08/12 19:33:11 [notice] 30#30: exiting
2024/08/12 19:33:11 [notice] 31#31: exiting
2024/08/12 19:33:11 [notice] 32#32: exiting
2024/08/12 19:33:11 [notice] 30#30: exit
2024/08/12 19:33:11 [notice] 31#31: exit
2024/08/12 19:33:11 [notice] 32#32: exit
2024/08/12 19:33:11 [notice] 1#1: signal 17 (SIGCHLD) received from 32
2024/08/12 19:33:11 [notice] 1#1: worker process 31 exited with code 0
2024/08/12 19:33:11 [notice] 1#1: worker process 32 exited with code 0
2024/08/12 19:33:11 [notice] 1#1: signal 29 (SIGIO) received
2024/08/12 19:33:11 [notice] 1#1: signal 17 (SIGCHLD) received from 30
2024/08/12 19:33:11 [notice] 1#1: worker process 30 exited with code 0
2024/08/12 19:33:11 [notice] 1#1: signal 29 (SIGIO) received
2024/08/12 19:33:14 [notice] 29#29: exiting
2024/08/12 19:33:14 [notice] 29#29: exit
2024/08/12 19:33:14 [notice] 1#1: signal 17 (SIGCHLD) received from 29
2024/08/12 19:33:14 [notice] 1#1: worker process 29 exited with code 0
2024/08/12 19:33:14 [notice] 1#1: exit
2024/08/13 14:50:23 [warn] 1#1: conflicting server name "localhost" on 0.0.0.0:80, ignored
2024/08/13 14:50:23 [notice] 1#1: using the "epoll" event method
2024/08/13 14:50:23 [notice] 1#1: nginx/1.27.0
2024/08/13 14:50:23 [notice] 1#1: built by gcc 13.2.1 20231014 (Alpine 13.2.1_git20231014) 
2024/08/13 14:50:23 [notice] 1#1: OS: Linux 5.15.153.1-microsoft-standard-WSL2
2024/08/13 14:50:23 [notice] 1#1: getrlimit(RLIMIT_NOFILE): 1048576:1048576
2024/08/13 14:50:23 [notice] 1#1: start worker processes
2024/08/13 14:50:23 [notice] 1#1: start worker process 28
2024/08/13 14:50:23 [notice] 1#1: start worker process 29
2024/08/13 14:50:23 [notice] 1#1: start worker process 30
2024/08/13 14:50:23 [notice] 1#1: start worker process 31
2024/08/14 18:34:30 [warn] 1#1: conflicting server name "localhost" on 0.0.0.0:80, ignored
2024/08/14 18:34:30 [notice] 1#1: using the "epoll" event method
2024/08/14 18:34:30 [notice] 1#1: nginx/1.27.0
2024/08/14 18:34:30 [notice] 1#1: built by gcc 13.2.1 20231014 (Alpine 13.2.1_git20231014) 
2024/08/14 18:34:30 [notice] 1#1: OS: Linux 5.15.153.1-microsoft-standard-WSL2
2024/08/14 18:34:30 [notice] 1#1: getrlimit(RLIMIT_NOFILE): 1048576:1048576
2024/08/14 18:34:30 [notice] 1#1: start worker processes
2024/08/14 18:34:30 [notice] 1#1: start worker process 29
2024/08/14 18:34:30 [notice] 1#1: start worker process 30
2024/08/14 18:34:30 [notice] 1#1: start worker process 31
2024/08/14 18:34:30 [notice] 1#1: start worker process 32
2024/08/16 12:00:42 [warn] 1#1: conflicting server name "localhost" on 0.0.0.0:80, ignored
2024/08/16 12:00:42 [notice] 1#1: using the "epoll" event method
2024/08/16 12:00:42 [notice] 1#1: nginx/1.27.0
2024/08/16 12:00:42 [notice] 1#1: built by gcc 13.2.1 20231014 (Alpine 13.2.1_git20231014) 
2024/08/16 12:00:42 [notice] 1#1: OS: Linux 5.15.153.1-microsoft-standard-WSL2
2024/08/16 12:00:42 [notice] 1#1: getrlimit(RLIMIT_NOFILE): 1048576:1048576
2024/08/16 12:00:42 [notice] 1#1: start worker processes
2024/08/16 12:00:42 [notice] 1#1: start worker process 28
2024/08/16 12:00:42 [notice] 1#1: start worker process 29
2024/08/16 12:00:42 [notice] 1#1: start worker process 30
2024/08/16 12:00:42 [notice] 1#1: start worker process 31
2024/08/17 18:09:39 [warn] 1#1: conflicting server name "localhost" on 0.0.0.0:80, ignored
2024/08/17 18:09:39 [notice] 1#1: using the "epoll" event method
2024/08/17 18:09:39 [notice] 1#1: nginx/1.27.0
2024/08/17 18:09:39 [notice] 1#1: built by gcc 13.2.1 20231014 (Alpine 13.2.1_git20231014) 
2024/08/17 18:09:39 [notice] 1#1: OS: Linux 5.15.153.1-microsoft-standard-WSL2
2024/08/17 18:09:39 [notice] 1#1: getrlimit(RLIMIT_NOFILE): 1048576:1048576
2024/08/17 18:09:39 [notice] 1#1: start worker processes
2024/08/17 18:09:39 [notice] 1#1: start worker process 29
2024/08/17 18:09:39 [notice] 1#1: start worker process 30
2024/08/17 18:09:39 [notice] 1#1: start worker process 31
2024/08/17 18:09:39 [notice] 1#1: start worker process 32
2024/08/18 14:07:02 [warn] 1#1: conflicting server name "localhost" on 0.0.0.0:80, ignored
2024/08/18 14:07:02 [notice] 1#1: using the "epoll" event method
2024/08/18 14:07:02 [notice] 1#1: nginx/1.27.0
2024/08/18 14:07:02 [notice] 1#1: built by gcc 13.2.1 20231014 (Alpine 13.2.1_git20231014) 
2024/08/18 14:07:02 [notice] 1#1: OS: Linux 5.15.153.1-microsoft-standard-WSL2
2024/08/18 14:07:02 [notice] 1#1: getrlimit(RLIMIT_NOFILE): 1048576:1048576
2024/08/18 14:07:02 [notice] 1#1: start worker processes
2024/08/18 14:07:02 [notice] 1#1: start worker process 28
2024/08/18 14:07:02 [notice] 1#1: start worker process 29
2024/08/18 14:07:02 [notice] 1#1: start worker process 30
2024/08/18 14:07:02 [notice] 1#1: start worker process 31
